  [1m[36m (25.5ms)[0m  [1mCREATE TABLE "schema_migrations" ("version" character varying NOT NULL) [0m
  [1m[35m (1.6ms)[0m  CREATE UNIQUE INDEX  "unique_schema_migrations" ON "schema_migrations"  ("version")
  [1m[36mActiveRecord::SchemaMigration Load (0.9ms)[0m  [1mSELECT "schema_migrations".* FROM "schema_migrations"[0m
Migrating to CreateShips (20150826171405)
  [1m[35m (0.2ms)[0m  BEGIN
  [1m[36m (14.1ms)[0m  [1mCREATE TABLE "ships" ("id" serial primary key, "name" character varying, "latitude" float, "longitude" float, "yearlost" integer, "description" character varying, "created_at" timestamp NOT NULL, "updated_at" timestamp NOT NULL) [0m
  [1m[35mSQL (0.6ms)[0m  INSERT INTO "schema_migrations" ("version") VALUES ($1)  [["version", "20150826171405"]]
  [1m[36m (0.7ms)[0m  [1mCOMMIT[0m
  [1m[35mActiveRecord::SchemaMigration Load (0.3ms)[0m  SELECT "schema_migrations".* FROM "schema_migrations"
  [1m[36m (6.5ms)[0m  [1mSELECT t2.oid::regclass::text AS to_table, a1.attname AS column, a2.attname AS primary_key, c.conname AS name, c.confupdtype AS on_update, c.confdeltype AS on_delete
FROM pg_constraint c
JOIN pg_class t1 ON c.conrelid = t1.oid
JOIN pg_class t2 ON c.confrelid = t2.oid
JOIN pg_attribute a1 ON a1.attnum = c.conkey[1] AND a1.attrelid = t1.oid
JOIN pg_attribute a2 ON a2.attnum = c.confkey[1] AND a2.attrelid = t2.oid
JOIN pg_namespace t3 ON c.connamespace = t3.oid
WHERE c.contype = 'f'
  AND t1.relname = 'ships'
  AND t3.nspname = ANY (current_schemas(false))
ORDER BY c.conname
[0m


Started GET "/" for ::1 at 2015-08-26 14:55:42 -0500
  [1m[36mActiveRecord::SchemaMigration Load (0.9ms)[0m  [1mSELECT "schema_migrations".* FROM "schema_migrations"[0m
Processing by Rails::WelcomeController#index as HTML
  Rendered /Library/Ruby/Gems/2.0.0/gems/railties-4.2.3/lib/rails/templates/rails/welcome/index.html.erb (2.8ms)
Completed 200 OK in 60ms (Views: 13.0ms | ActiveRecord: 0.0ms)


Started GET "/ship/index" for ::1 at 2015-08-26 14:55:56 -0500
Processing by ShipController#index as HTML
  Rendered ship/index.html.erb within layouts/application (1.1ms)
Completed 200 OK in 2160ms (Views: 2158.6ms | ActiveRecord: 0.0ms)


Started GET "/assets/ship.self-e3b0c44298fc1c149afbf4c8996fb92427ae41e4649b934ca495991b7852b855.css?body=1" for ::1 at 2015-08-26 14:55:59 -0500


Started GET "/assets/ship.self-e3b0c44298fc1c149afbf4c8996fb92427ae41e4649b934ca495991b7852b855.js?body=1" for ::1 at 2015-08-26 14:55:59 -0500


Started GET "/assets/application.self-e80e8f2318043e8af94dddc2adad5a4f09739a8ebb323b3ab31cd71d45fd9113.css?body=1" for ::1 at 2015-08-26 14:55:59 -0500


Started GET "/assets/application.self-3b8dabdc891efe46b9a144b400ad69e37d7e5876bdc39dee783419a69d7ca819.js?body=1" for ::1 at 2015-08-26 14:55:59 -0500


Started GET "/" for ::1 at 2015-08-26 14:59:45 -0500
Processing by ShipController#index as HTML
  Rendered ship/index.html.erb within layouts/application (0.9ms)
Completed 200 OK in 105ms (Views: 95.0ms | ActiveRecord: 0.0ms)


Started GET "/" for ::1 at 2015-08-26 14:59:46 -0500
Processing by ShipController#index as HTML
  Rendered ship/index.html.erb within layouts/application (0.1ms)
Completed 200 OK in 309ms (Views: 308.2ms | ActiveRecord: 0.0ms)


Started GET "/" for ::1 at 2015-08-26 14:59:49 -0500
Processing by ShipController#index as HTML
  Rendered ship/index.html.erb within layouts/application (0.1ms)
Completed 200 OK in 51ms (Views: 50.6ms | ActiveRecord: 0.0ms)


Started GET "/" for ::1 at 2015-08-26 14:59:56 -0500
Processing by ShipController#index as HTML
  Rendered ship/index.html.erb within layouts/application (0.1ms)
Completed 200 OK in 50ms (Views: 49.2ms | ActiveRecord: 0.0ms)
